  Entity.cpp
C:\Users\dinny\Desktop\git\super-duper-enigma\sfml\sfml\Entity.h(59,1): warning C4305: '*=': truncation from 'double' to 'float'
C:\Users\dinny\Desktop\git\super-duper-enigma\sfml\sfml\Entity.cpp(135,12): warning C4244: 'return': conversion from 'const T' to 'int', possible loss of data
          with
          [
              T=float
          ]
C:\Users\dinny\Desktop\git\super-duper-enigma\sfml\sfml\Entity.cpp(140,12): warning C4244: 'return': conversion from 'const T' to 'int', possible loss of data
          with
          [
              T=float
          ]
C:\Users\dinny\Desktop\git\super-duper-enigma\sfml\sfml\Entity.cpp(183,12): warning C4244: 'return': conversion from 'const T' to 'int', possible loss of data
          with
          [
              T=float
          ]
C:\Users\dinny\Desktop\git\super-duper-enigma\sfml\sfml\Entity.cpp(188,12): warning C4244: 'return': conversion from 'const T' to 'int', possible loss of data
          with
          [
              T=float
          ]
C:\Users\dinny\Desktop\git\super-duper-enigma\sfml\sfml\Entity.cpp(234,12): warning C4244: 'return': conversion from 'const T' to 'int', possible loss of data
          with
          [
              T=float
          ]
C:\Users\dinny\Desktop\git\super-duper-enigma\sfml\sfml\Entity.cpp(239,12): warning C4244: 'return': conversion from 'const T' to 'int', possible loss of data
          with
          [
              T=float
          ]
  Game.cpp
C:\Users\dinny\Desktop\git\super-duper-enigma\sfml\sfml\Entity.h(59,1): warning C4305: '*=': truncation from 'double' to 'float'
C:\Users\dinny\Desktop\git\super-duper-enigma\sfml\sfml\Game.cpp(68,50): warning C4244: 'argument': conversion from 'size_t' to 'T', possible loss of data
          with
          [
              T=float
          ]
  GameLogic.cpp
C:\Users\dinny\Desktop\git\super-duper-enigma\sfml\sfml\Entity.h(59,1): warning C4305: '*=': truncation from 'double' to 'float'
C:\Users\dinny\Desktop\git\super-duper-enigma\sfml\sfml\GameLogic.cpp(91,77): warning C4244: 'argument': conversion from 'float' to 'int', possible loss of data
C:\Users\dinny\Desktop\git\super-duper-enigma\sfml\sfml\GameLogic.cpp(95,61): warning C4244: 'argument': conversion from 'int' to 'float', possible loss of data
C:\Users\dinny\Desktop\git\super-duper-enigma\sfml\sfml\GameLogic.cpp(103,69): warning C4244: 'argument': conversion from 'float' to 'int', possible loss of data
C:\Users\dinny\Desktop\git\super-duper-enigma\sfml\sfml\GameLogic.cpp(142,122): warning C4244: 'argument': conversion from 'int' to 'float', possible loss of data
C:\Users\dinny\Desktop\git\super-duper-enigma\sfml\sfml\GameLogic.cpp(142,100): warning C4244: 'argument': conversion from 'int' to 'float', possible loss of data
C:\Users\dinny\Desktop\git\super-duper-enigma\sfml\sfml\GameLogic.cpp(142,79): warning C4244: 'argument': conversion from 'int' to 'float', possible loss of data
C:\Users\dinny\Desktop\git\super-duper-enigma\sfml\sfml\GameLogic.cpp(142,62): warning C4244: 'argument': conversion from 'int' to 'float', possible loss of data
C:\Users\dinny\Desktop\git\super-duper-enigma\sfml\sfml\GameLogic.cpp(150,123): warning C4244: 'argument': conversion from 'int' to 'float', possible loss of data
C:\Users\dinny\Desktop\git\super-duper-enigma\sfml\sfml\GameLogic.cpp(150,101): warning C4244: 'argument': conversion from 'int' to 'float', possible loss of data
C:\Users\dinny\Desktop\git\super-duper-enigma\sfml\sfml\GameLogic.cpp(150,80): warning C4244: 'argument': conversion from 'int' to 'float', possible loss of data
C:\Users\dinny\Desktop\git\super-duper-enigma\sfml\sfml\GameLogic.cpp(150,63): warning C4244: 'argument': conversion from 'int' to 'float', possible loss of data
C:\Users\dinny\Desktop\git\super-duper-enigma\sfml\sfml\GameLogic.cpp(163,45): warning C4244: 'argument': conversion from 'T' to 'int', possible loss of data
          with
          [
              T=float
          ]
C:\Users\dinny\Desktop\git\super-duper-enigma\sfml\sfml\GameLogic.cpp(163,21): warning C4244: 'argument': conversion from 'int' to 'float', possible loss of data
  main.cpp
C:\Users\dinny\Desktop\git\super-duper-enigma\sfml\sfml\Entity.h(59,1): warning C4305: '*=': truncation from 'double' to 'float'
  SpacialIndex.cpp
C:\Users\dinny\Desktop\git\super-duper-enigma\sfml\sfml\Entity.h(59,1): warning C4305: '*=': truncation from 'double' to 'float'
C:\Users\dinny\Desktop\git\super-duper-enigma\sfml\sfml\SpacialIndex.cpp(77,47): warning C4244: 'argument': conversion from 'float' to 'T', possible loss of data
          with
          [
              T=int
          ]
C:\Users\dinny\Desktop\git\super-duper-enigma\sfml\sfml\SpacialIndex.cpp(77,44): warning C4244: 'argument': conversion from 'float' to 'T', possible loss of data
          with
          [
              T=int
          ]
C:\Users\dinny\Desktop\git\super-duper-enigma\sfml\sfml\SpacialIndex.cpp(77,41): warning C4244: 'argument': conversion from 'float' to 'T', possible loss of data
          with
          [
              T=int
          ]
C:\Users\dinny\Desktop\git\super-duper-enigma\sfml\sfml\SpacialIndex.cpp(77,38): warning C4244: 'argument': conversion from 'float' to 'T', possible loss of data
          with
          [
              T=int
          ]
C:\Users\dinny\Desktop\git\super-duper-enigma\sfml\sfml\SpacialIndex.cpp(139,165): warning C4244: 'argument': conversion from 'int' to 'float', possible loss of data
C:\Users\dinny\Desktop\git\super-duper-enigma\sfml\sfml\SpacialIndex.cpp(139,145): warning C4244: 'argument': conversion from 'int' to 'float', possible loss of data
C:\Users\dinny\Desktop\git\super-duper-enigma\sfml\sfml\SpacialIndex.cpp(139,126): warning C4244: 'argument': conversion from 'int' to 'float', possible loss of data
C:\Users\dinny\Desktop\git\super-duper-enigma\sfml\sfml\SpacialIndex.cpp(139,111): warning C4244: 'argument': conversion from 'int' to 'float', possible loss of data
C:\Users\dinny\Desktop\git\super-duper-enigma\sfml\sfml\SpacialIndex.cpp(139,96): warning C4244: 'argument': conversion from 'int' to 'float', possible loss of data
C:\Users\dinny\Desktop\git\super-duper-enigma\sfml\sfml\SpacialIndex.cpp(139,76): warning C4244: 'argument': conversion from 'int' to 'float', possible loss of data
C:\Users\dinny\Desktop\git\super-duper-enigma\sfml\sfml\SpacialIndex.cpp(139,57): warning C4244: 'argument': conversion from 'int' to 'float', possible loss of data
C:\Users\dinny\Desktop\git\super-duper-enigma\sfml\sfml\SpacialIndex.cpp(139,42): warning C4244: 'argument': conversion from 'int' to 'float', possible loss of data
  SpriteHandler.cpp
  Generating Code...
  sfml.vcxproj -> C:\Users\dinny\Desktop\git\super-duper-enigma\sfml\Debug\sfml.exe
